<?xml version="1.0" encoding="UTF-8"?>
<!-- Generated by org.testng.reporters.JUnitReportReporter -->
<testsuite hostname="VED-9141" name="SeleniumFrameworkTestNG.TestNgEx.AppTest" tests="1" failures="0" timestamp="16 Jan 2019 06:11:38 GMT" time="0.012" errors="0">
  <testcase name="testApp" time="0.012" classname="SeleniumFrameworkTestNG.TestNgEx.AppTest"/>
</testsuite> <!-- SeleniumFrameworkTestNG.TestNgEx.AppTest -->
