<?xml version="1.0" encoding="UTF-8"?>
<!-- Generated by org.testng.reporters.JUnitReportReporter -->
<testsuite skipped="0" hostname="VED-9141" name="firsttestng_package.FirstTestNGFile" tests="1" failures="0" timestamp="17 Jan 2019 08:51:06 GMT" time="18.960" errors="0">
  <testcase name="f" time="18.960" classname="firsttestng_package.FirstTestNGFile"/>
</testsuite> <!-- firsttestng_package.FirstTestNGFile -->
