<?xml version="1.0" encoding="UTF-8"?>
<!-- Generated by org.testng.reporters.JUnitReportReporter -->
<testsuite skipped="0" hostname="VED-9141" name="com.listeners_demo.TestCases" tests="2" failures="0" timestamp="17 Jan 2019 08:49:31 GMT" time="5.235" errors="0">
  <testcase name="Login" time="5.232" classname="com.listeners_demo.TestCases"/>
  <testcase name="TestToFail" time="0.003" classname="com.listeners_demo.TestCases"/>
</testsuite> <!-- com.listeners_demo.TestCases -->
