<?xml version="1.0" encoding="UTF-8"?>
<!-- Generated by org.testng.reporters.JUnitReportReporter -->
<testsuite skipped="0" hostname="VED-9141" name="com.example.NewTest1" tests="4" failures="0" timestamp="16 Jan 2019 09:12:37 GMT" time="13.906" errors="0">
  <testcase name="openBrowser" time="4.933" classname="com.example.NewTest1"/>
  <testcase name="launchGoogle" time="3.899" classname="com.example.NewTest1"/>
  <testcase name="peformSeachAndClick1stLink" time="2.065" classname="com.example.NewTest1"/>
  <testcase name="FaceBookPageTitleVerification" time="3.009" classname="com.example.NewTest1"/>
</testsuite> <!-- com.example.NewTest1 -->
