<?xml version="1.0" encoding="UTF-8"?>
<!-- Generated by org.testng.reporters.JUnitReportReporter -->
<testsuite skipped="0" hostname="VED-9141" name="parameterTypeINDataprovider.ParameterByMethodInDataprovider" tests="4" failures="0" timestamp="21 Jan 2019 12:01:09 GMT" time="2.334" errors="0">
  <testcase name="testMethodA" time="0.289" classname="parameterTypeINDataprovider.ParameterByMethodInDataprovider"/>
  <testcase name="testMethodA" time="1.367" classname="parameterTypeINDataprovider.ParameterByMethodInDataprovider"/>
  <testcase name="testMethodB" time="0.359" classname="parameterTypeINDataprovider.ParameterByMethodInDataprovider"/>
  <testcase name="testMethodB" time="0.319" classname="parameterTypeINDataprovider.ParameterByMethodInDataprovider"/>
</testsuite> <!-- parameterTypeINDataprovider.ParameterByMethodInDataprovider -->
