<?xml version="1.0" encoding="UTF-8"?>
<!-- Generated by org.testng.reporters.JUnitReportReporter -->
<testsuite skipped="0" hostname="VED-9141" name="ParametersWithTestNgFile.NoParameterWithTestNGXML" tests="1" failures="0" timestamp="21 Jan 2019 10:02:13 GMT" time="3.239" errors="0">
  <testcase name="testNoParameter" time="3.239" classname="ParametersWithTestNgFile.NoParameterWithTestNGXML"/>
</testsuite> <!-- ParametersWithTestNgFile.NoParameterWithTestNGXML -->
