<?xml version="1.0" encoding="UTF-8"?>
<!-- Generated by org.testng.reporters.JUnitReportReporter -->
<testsuite skipped="0" hostname="VED-9141" name="ParametersWithTestNgFile.ParameterWithTestNGXML" tests="1" failures="0" timestamp="21 Jan 2019 10:38:47 GMT" time="3.378" errors="0">
  <testcase name="testParameterWithXML" time="3.378" classname="ParametersWithTestNgFile.ParameterWithTestNGXML"/>
</testsuite> <!-- ParametersWithTestNgFile.ParameterWithTestNGXML -->
