<?xml version="1.0" encoding="UTF-8"?>
<!-- Generated by org.testng.reporters.JUnitReportReporter -->
<testsuite skipped="0" hostname="VED-9141" name="dataprovider.ByDataprovider" tests="2" failures="0" timestamp="21 Jan 2019 08:45:50 GMT" time="1.742" errors="0">
  <testcase name="testMethodA" time="0.361" classname="dataprovider.ByDataprovider"/>
  <testcase name="testMethodA" time="1.381" classname="dataprovider.ByDataprovider"/>
</testsuite> <!-- dataprovider.ByDataprovider -->
