<?xml version="1.0" encoding="UTF-8"?>
<!-- Generated by org.testng.reporters.JUnitReportReporter -->
<testsuite skipped="0" hostname="VED-9141" name="com.test.DemoB" tests="1" failures="0" timestamp="16 Jan 2019 13:23:38 GMT" time="35.944" errors="0">
  <testcase name="run" time="35.944" classname="com.test.DemoB"/>
</testsuite> <!-- com.test.DemoB -->
