<?xml version="1.0" encoding="UTF-8"?>
<!-- Generated by org.testng.reporters.JUnitReportReporter -->
<testsuite skipped="0" hostname="VED-9141" name="com.test.DemoA" tests="1" failures="0" timestamp="16 Jan 2019 13:23:38 GMT" time="12.056" errors="0">
  <testcase name="run" time="12.056" classname="com.test.DemoA"/>
</testsuite> <!-- com.test.DemoA -->
