<?xml version="1.0" encoding="UTF-8"?>
<!-- Generated by org.testng.reporters.JUnitReportReporter -->
<testsuite hostname="VED-9141" name="WebdriverTest.WebdriverTest.AppTest" tests="1" failures="0" timestamp="18 Jan 2019 09:02:45 GMT" time="0.020" errors="0">
  <testcase name="testApp" time="0.020" classname="WebdriverTest.WebdriverTest.AppTest"/>
</testsuite> <!-- WebdriverTest.WebdriverTest.AppTest -->
